<?xml version="1.0" encoding="UTF-8"?>
<!-- Generated by org.testng.reporters.JUnitReportReporter -->
<testsuite hostname="WKS60066" name="page.testFunctionality" tests="1" failures="0" timestamp="18 Sep 2017 05:07:26 GMT" time="46.611" errors="1">
  <testcase name="testLoginFunctionality" time="46.611" classname="page.testFunctionality">
    <error type="org.openqa.selenium.WebDriverException" message="Failed to connect to binary FirefoxBinary(C:\Program Files (x86)\Mozilla Firefox\firefox.exe) on port 7055; process output follows: 
ting write
1505711202661	DeferredSave.addons.json	DEBUG	Write succeeded
1505711203342	addons.manager	DEBUG	Starting provider: &lt;unnamed-provider&gt;
1505711203343	addons.manager	DEBUG	Registering shutdown blocker for &lt;unnamed-provider&gt;
1505711203343	addons.manager	DEBUG	Provider finished startup: &lt;unnamed-provider&gt;
1505711203345	addons.xpi	INFO	Mapping fxdriver@googlecode.com to C:\Users\DEEPAK~1.KUM\AppData\Local\Temp\anonymous1049357448727522739webdriver-profile\extensions\fxdriver@googlecode.com
1505711203345	addons.xpi	DEBUG	Ignoring file entry whose name is not a valid add-on ID: C:\Users\DEEPAK~1.KUM\AppData\Local\Temp\anonymous1049357448727522739webdriver-profile\extensions\webdriver-staging
1505711203345	addons.xpi	DEBUG	Existing add-on fxdriver@googlecode.com in app-profile
1505711203346	addons.xpi	INFO	Mapping aushelper@mozilla.org to C:\Program Files (x86)\Mozilla Firefox\browser\features\aushelper@mozilla.org.xpi
1505711203346	addons.xpi	INFO	Mapping clicktoplay-rollout@mozilla.org to C:\Program Files (x86)\Mozilla Firefox\browser\features\clicktoplay-rollout@mozilla.org.xpi
1505711203347	addons.xpi	INFO	Mapping e10srollout@mozilla.org to C:\Program Files (x86)\Mozilla Firefox\browser\features\e10srollout@mozilla.org.xpi
1505711203348	addons.xpi	INFO	Mapping firefox@getpocket.com to C:\Program Files (x86)\Mozilla Firefox\browser\features\firefox@getpocket.com.xpi
1505711203348	addons.xpi	INFO	Mapping followonsearch@mozilla.com to C:\Program Files (x86)\Mozilla Firefox\browser\features\followonsearch@mozilla.com.xpi
1505711203348	addons.xpi	INFO	Mapping screenshots@mozilla.org to C:\Program Files (x86)\Mozilla Firefox\browser\features\screenshots@mozilla.org.xpi
1505711203348	addons.xpi	INFO	Mapping shield-recipe-client@mozilla.org to C:\Program Files (x86)\Mozilla Firefox\browser\features\shield-recipe-client@mozilla.org.xpi
1505711203348	addons.xpi	INFO	Mapping webcompat@mozilla.org to C:\Program Files (x86)\Mozilla Firefox\browser\features\webcompat@mozilla.org.xpi
1505711203349	addons.xpi	DEBUG	Existing add-on aushelper@mozilla.org in app-system-defaults
1505711203349	addons.xpi	DEBUG	Existing add-on clicktoplay-rollout@mozilla.org in app-system-defaults
1505711203349	addons.xpi	DEBUG	Existing add-on e10srollout@mozilla.org in app-system-defaults
1505711203349	addons.xpi	DEBUG	Existing add-on firefox@getpocket.com in app-system-defaults
1505711203350	addons.xpi	DEBUG	Existing add-on followonsearch@mozilla.com in app-system-defaults
1505711203350	addons.xpi	DEBUG	Existing add-on screenshots@mozilla.org in app-system-defaults
1505711203350	addons.xpi	DEBUG	Existing add-on shield-recipe-client@mozilla.org in app-system-defaults
1505711203351	addons.xpi	DEBUG	Existing add-on webcompat@mozilla.org in app-system-defaults
1505711203351	addons.xpi	DEBUG	Existing add-on ocplugin@webex.com in winreg-app-user
1505711203351	addons.xpi	INFO	Mapping {972ce4c6-7e08-4474-a285-3208198ce6fd} to C:\Program Files (x86)\Mozilla Firefox\browser\extensions\{972ce4c6-7e08-4474-a285-3208198ce6fd}.xpi
1505711203352	addons.xpi	DEBUG	Existing add-on {972ce4c6-7e08-4474-a285-3208198ce6fd} in app-global
1505711203352	addons.xpi	DEBUG	getInstallState changed: false, state: {}
[GPU 3424] WARNING: pipe error: 109: file c:/builds/moz2_slave/m-rel-w32-00000000000000000000/build/src/ipc/chromium/src/chrome/common/ipc_channel_win.cc, line 346
1505711203452	addons.productaddons	INFO	sending request to: https://aus5.mozilla.org/update/3/GMP/55.0.3/20170824053622/WINNT_x86-msvc-x64/en-US/release/Windows_NT%206.1.1.0%20(x64)/default/default/update.xml
1505711204407	addons.productaddons	INFO	Completed downloading document
1505711204667	addons.productaddons	INFO	downloadXHR File download. status=200
1505711204677	addons.productaddons	INFO	Downloaded file will be saved to C:\Users\DEEPAK~1.KUM\AppData\Local\Temp\tmpaddon
1505711206695	addons.productaddons	INFO	downloadXHR File download. status=200
1505711206708	addons.productaddons	INFO	Downloaded file will be saved to C:\Users\DEEPAK~1.KUM\AppData\Local\Temp\tmpaddon

Build info: version: &#039;2.53.0&#039;, revision: &#039;35ae25b1534ae328c771e0856c93e187490ca824&#039;, time: &#039;2016-03-15 10:43:46&#039;
System info: host: &#039;WKS60066&#039;, ip: &#039;192.168.0.109&#039;, os.name: &#039;Windows 7&#039;, os.arch: &#039;amd64&#039;, os.version: &#039;6.1&#039;, java.version: &#039;1.8.0_144&#039;
Driver info: driver.version: FirefoxDriver">
      <![CDATA[org.openqa.selenium.WebDriverException: Failed to connect to binary FirefoxBinary(C:\Program Files (x86)\Mozilla Firefox\firefox.exe) on port 7055; process output follows: 
ting write
1505711202661	DeferredSave.addons.json	DEBUG	Write succeeded
1505711203342	addons.manager	DEBUG	Starting provider: <unnamed-provider>
1505711203343	addons.manager	DEBUG	Registering shutdown blocker for <unnamed-provider>
1505711203343	addons.manager	DEBUG	Provider finished startup: <unnamed-provider>
1505711203345	addons.xpi	INFO	Mapping fxdriver@googlecode.com to C:\Users\DEEPAK~1.KUM\AppData\Local\Temp\anonymous1049357448727522739webdriver-profile\extensions\fxdriver@googlecode.com
1505711203345	addons.xpi	DEBUG	Ignoring file entry whose name is not a valid add-on ID: C:\Users\DEEPAK~1.KUM\AppData\Local\Temp\anonymous1049357448727522739webdriver-profile\extensions\webdriver-staging
1505711203345	addons.xpi	DEBUG	Existing add-on fxdriver@googlecode.com in app-profile
1505711203346	addons.xpi	INFO	Mapping aushelper@mozilla.org to C:\Program Files (x86)\Mozilla Firefox\browser\features\aushelper@mozilla.org.xpi
1505711203346	addons.xpi	INFO	Mapping clicktoplay-rollout@mozilla.org to C:\Program Files (x86)\Mozilla Firefox\browser\features\clicktoplay-rollout@mozilla.org.xpi
1505711203347	addons.xpi	INFO	Mapping e10srollout@mozilla.org to C:\Program Files (x86)\Mozilla Firefox\browser\features\e10srollout@mozilla.org.xpi
1505711203348	addons.xpi	INFO	Mapping firefox@getpocket.com to C:\Program Files (x86)\Mozilla Firefox\browser\features\firefox@getpocket.com.xpi
1505711203348	addons.xpi	INFO	Mapping followonsearch@mozilla.com to C:\Program Files (x86)\Mozilla Firefox\browser\features\followonsearch@mozilla.com.xpi
1505711203348	addons.xpi	INFO	Mapping screenshots@mozilla.org to C:\Program Files (x86)\Mozilla Firefox\browser\features\screenshots@mozilla.org.xpi
1505711203348	addons.xpi	INFO	Mapping shield-recipe-client@mozilla.org to C:\Program Files (x86)\Mozilla Firefox\browser\features\shield-recipe-client@mozilla.org.xpi
1505711203348	addons.xpi	INFO	Mapping webcompat@mozilla.org to C:\Program Files (x86)\Mozilla Firefox\browser\features\webcompat@mozilla.org.xpi
1505711203349	addons.xpi	DEBUG	Existing add-on aushelper@mozilla.org in app-system-defaults
1505711203349	addons.xpi	DEBUG	Existing add-on clicktoplay-rollout@mozilla.org in app-system-defaults
1505711203349	addons.xpi	DEBUG	Existing add-on e10srollout@mozilla.org in app-system-defaults
1505711203349	addons.xpi	DEBUG	Existing add-on firefox@getpocket.com in app-system-defaults
1505711203350	addons.xpi	DEBUG	Existing add-on followonsearch@mozilla.com in app-system-defaults
1505711203350	addons.xpi	DEBUG	Existing add-on screenshots@mozilla.org in app-system-defaults
1505711203350	addons.xpi	DEBUG	Existing add-on shield-recipe-client@mozilla.org in app-system-defaults
1505711203351	addons.xpi	DEBUG	Existing add-on webcompat@mozilla.org in app-system-defaults
1505711203351	addons.xpi	DEBUG	Existing add-on ocplugin@webex.com in winreg-app-user
1505711203351	addons.xpi	INFO	Mapping {972ce4c6-7e08-4474-a285-3208198ce6fd} to C:\Program Files (x86)\Mozilla Firefox\browser\extensions\{972ce4c6-7e08-4474-a285-3208198ce6fd}.xpi
1505711203352	addons.xpi	DEBUG	Existing add-on {972ce4c6-7e08-4474-a285-3208198ce6fd} in app-global
1505711203352	addons.xpi	DEBUG	getInstallState changed: false, state: {}
[GPU 3424] WARNING: pipe error: 109: file c:/builds/moz2_slave/m-rel-w32-00000000000000000000/build/src/ipc/chromium/src/chrome/common/ipc_channel_win.cc, line 346
1505711203452	addons.productaddons	INFO	sending request to: https://aus5.mozilla.org/update/3/GMP/55.0.3/20170824053622/WINNT_x86-msvc-x64/en-US/release/Windows_NT%206.1.1.0%20(x64)/default/default/update.xml
1505711204407	addons.productaddons	INFO	Completed downloading document
1505711204667	addons.productaddons	INFO	downloadXHR File download. status=200
1505711204677	addons.productaddons	INFO	Downloaded file will be saved to C:\Users\DEEPAK~1.KUM\AppData\Local\Temp\tmpaddon
1505711206695	addons.productaddons	INFO	downloadXHR File download. status=200
1505711206708	addons.productaddons	INFO	Downloaded file will be saved to C:\Users\DEEPAK~1.KUM\AppData\Local\Temp\tmpaddon

Build info: version: '2.53.0', revision: '35ae25b1534ae328c771e0856c93e187490ca824', time: '2016-03-15 10:43:46'
System info: host: 'WKS60066', ip: '192.168.0.109', os.name: 'Windows 7', os.arch: 'amd64', os.version: '6.1', java.version: '1.8.0_144'
Driver info: driver.version: FirefoxDriver
	at org.openqa.selenium.firefox.internal.NewProfileExtensionConnection.start(NewProfileExtensionConnection.java:125)
	at org.openqa.selenium.firefox.FirefoxDriver.startClient(FirefoxDriver.java:271)
	at org.openqa.selenium.remote.RemoteWebDriver.<init>(RemoteWebDriver.java:119)
	at org.openqa.selenium.firefox.FirefoxDriver.<init>(FirefoxDriver.java:216)
	at org.openqa.selenium.firefox.FirefoxDriver.<init>(FirefoxDriver.java:211)
	at org.openqa.selenium.firefox.FirefoxDriver.<init>(FirefoxDriver.java:207)
	at org.openqa.selenium.firefox.FirefoxDriver.<init>(FirefoxDriver.java:120)
	at common.CommonMethods.OpenBrowser(CommonMethods.java:16)
	at page.testFunctionality.testLoginFunctionality(testFunctionality.java:12)
	at sun.reflect.NativeMethodAccessorImpl.invoke0(Native Method)
	at sun.reflect.NativeMethodAccessorImpl.invoke(Unknown Source)
	at sun.reflect.DelegatingMethodAccessorImpl.invoke(Unknown Source)
	at java.lang.reflect.Method.invoke(Unknown Source)
	at org.testng.internal.MethodInvocationHelper.invokeMethod(MethodInvocationHelper.java:85)
	at org.testng.internal.Invoker.invokeMethod(Invoker.java:659)
	at org.testng.internal.Invoker.invokeTestMethod(Invoker.java:845)
	at org.testng.internal.Invoker.invokeTestMethods(Invoker.java:1153)
	at org.testng.internal.TestMethodWorker.invokeTestMethods(TestMethodWorker.java:125)
	at org.testng.internal.TestMethodWorker.run(TestMethodWorker.java:108)
	at org.testng.TestRunner.privateRun(TestRunner.java:771)
	at org.testng.TestRunner.run(TestRunner.java:621)
	at org.testng.SuiteRunner.runTest(SuiteRunner.java:357)
	at org.testng.SuiteRunner.runSequentially(SuiteRunner.java:352)
	at org.testng.SuiteRunner.privateRun(SuiteRunner.java:310)
	at org.testng.SuiteRunner.run(SuiteRunner.java:259)
	at org.testng.SuiteRunnerWorker.runSuite(SuiteRunnerWorker.java:52)
	at org.testng.SuiteRunnerWorker.run(SuiteRunnerWorker.java:86)
	at org.testng.TestNG.runSuitesSequentially(TestNG.java:1199)
	at org.testng.TestNG.runSuitesLocally(TestNG.java:1124)
	at org.testng.TestNG.run(TestNG.java:1032)
	at org.testng.remote.AbstractRemoteTestNG.run(AbstractRemoteTestNG.java:114)
	at org.testng.remote.RemoteTestNG.initAndRun(RemoteTestNG.java:251)
	at org.testng.remote.RemoteTestNG.main(RemoteTestNG.java:77)
Caused by: org.openqa.selenium.firefox.NotConnectedException: Unable to connect to host 127.0.0.1 on port 7055 after 45000 ms. Firefox console output:
ting write
1505711202661	DeferredSave.addons.json	DEBUG	Write succeeded
1505711203342	addons.manager	DEBUG	Starting provider: <unnamed-provider>
1505711203343	addons.manager	DEBUG	Registering shutdown blocker for <unnamed-provider>
1505711203343	addons.manager	DEBUG	Provider finished startup: <unnamed-provider>
1505711203345	addons.xpi	INFO	Mapping fxdriver@googlecode.com to C:\Users\DEEPAK~1.KUM\AppData\Local\Temp\anonymous1049357448727522739webdriver-profile\extensions\fxdriver@googlecode.com
1505711203345	addons.xpi	DEBUG	Ignoring file entry whose name is not a valid add-on ID: C:\Users\DEEPAK~1.KUM\AppData\Local\Temp\anonymous1049357448727522739webdriver-profile\extensions\webdriver-staging
1505711203345	addons.xpi	DEBUG	Existing add-on fxdriver@googlecode.com in app-profile
1505711203346	addons.xpi	INFO	Mapping aushelper@mozilla.org to C:\Program Files (x86)\Mozilla Firefox\browser\features\aushelper@mozilla.org.xpi
1505711203346	addons.xpi	INFO	Mapping clicktoplay-rollout@mozilla.org to C:\Program Files (x86)\Mozilla Firefox\browser\features\clicktoplay-rollout@mozilla.org.xpi
1505711203347	addons.xpi	INFO	Mapping e10srollout@mozilla.org to C:\Program Files (x86)\Mozilla Firefox\browser\features\e10srollout@mozilla.org.xpi
1505711203348	addons.xpi	INFO	Mapping firefox@getpocket.com to C:\Program Files (x86)\Mozilla Firefox\browser\features\firefox@getpocket.com.xpi
1505711203348	addons.xpi	INFO	Mapping followonsearch@mozilla.com to C:\Program Files (x86)\Mozilla Firefox\browser\features\followonsearch@mozilla.com.xpi
1505711203348	addons.xpi	INFO	Mapping screenshots@mozilla.org to C:\Program Files (x86)\Mozilla Firefox\browser\features\screenshots@mozilla.org.xpi
1505711203348	addons.xpi	INFO	Mapping shield-recipe-client@mozilla.org to C:\Program Files (x86)\Mozilla Firefox\browser\features\shield-recipe-client@mozilla.org.xpi
1505711203348	addons.xpi	INFO	Mapping webcompat@mozilla.org to C:\Program Files (x86)\Mozilla Firefox\browser\features\webcompat@mozilla.org.xpi
1505711203349	addons.xpi	DEBUG	Existing add-on aushelper@mozilla.org in app-system-defaults
1505711203349	addons.xpi	DEBUG	Existing add-on clicktoplay-rollout@mozilla.org in app-system-defaults
1505711203349	addons.xpi	DEBUG	Existing add-on e10srollout@mozilla.org in app-system-defaults
1505711203349	addons.xpi	DEBUG	Existing add-on firefox@getpocket.com in app-system-defaults
1505711203350	addons.xpi	DEBUG	Existing add-on followonsearch@mozilla.com in app-system-defaults
1505711203350	addons.xpi	DEBUG	Existing add-on screenshots@mozilla.org in app-system-defaults
1505711203350	addons.xpi	DEBUG	Existing add-on shield-recipe-client@mozilla.org in app-system-defaults
1505711203351	addons.xpi	DEBUG	Existing add-on webcompat@mozilla.org in app-system-defaults
1505711203351	addons.xpi	DEBUG	Existing add-on ocplugin@webex.com in winreg-app-user
1505711203351	addons.xpi	INFO	Mapping {972ce4c6-7e08-4474-a285-3208198ce6fd} to C:\Program Files (x86)\Mozilla Firefox\browser\extensions\{972ce4c6-7e08-4474-a285-3208198ce6fd}.xpi
1505711203352	addons.xpi	DEBUG	Existing add-on {972ce4c6-7e08-4474-a285-3208198ce6fd} in app-global
1505711203352	addons.xpi	DEBUG	getInstallState changed: false, state: {}
[GPU 3424] WARNING: pipe error: 109: file c:/builds/moz2_slave/m-rel-w32-00000000000000000000/build/src/ipc/chromium/src/chrome/common/ipc_channel_win.cc, line 346
1505711203452	addons.productaddons	INFO	sending request to: https://aus5.mozilla.org/update/3/GMP/55.0.3/20170824053622/WINNT_x86-msvc-x64/en-US/release/Windows_NT%206.1.1.0%20(x64)/default/default/update.xml
1505711204407	addons.productaddons	INFO	Completed downloading document
1505711204667	addons.productaddons	INFO	downloadXHR File download. status=200
1505711204677	addons.productaddons	INFO	Downloaded file will be saved to C:\Users\DEEPAK~1.KUM\AppData\Local\Temp\tmpaddon
1505711206695	addons.productaddons	INFO	downloadXHR File download. status=200
1505711206708	addons.productaddons	INFO	Downloaded file will be saved to C:\Users\DEEPAK~1.KUM\AppData\Local\Temp\tmpaddon

	at org.openqa.selenium.firefox.internal.NewProfileExtensionConnection.start(NewProfileExtensionConnection.java:113)
	... 32 more
]]>
    </error>
  </testcase> <!-- testLoginFunctionality -->
</testsuite> <!-- page.testFunctionality -->
