<?xml version="1.0" encoding="UTF-8"?>
<!-- Generated by org.testng.reporters.JUnitReportReporter -->
<testsuite hostname="DESKTOP-R18UK1G" name="TestMethods.test" tests="1" failures="0" timestamp="25 Sep 2017 10:53:38 GMT" time="14.176" errors="0">
  <testcase name="testRegistration" time="14.176" classname="TestMethods.test"/>
</testsuite> <!-- TestMethods.test -->
